<?xml version="1.0" encoding="UTF-8"?>
<testng-results skipped="0" failed="0" ignored="0" total="1" passed="1">
  <reporter-output>
  </reporter-output>
  <suite name="Default suite" duration-ms="19766" started-at="2021-04-04T04:51:32 IST" finished-at="2021-04-04T04:51:52 IST">
    <groups>
    </groups>
    <test name="Default test" duration-ms="19766" started-at="2021-04-04T04:51:32 IST" finished-at="2021-04-04T04:51:52 IST">
      <class name="jva.jva.Testng">
        <test-method status="PASS" signature="add()[pri:0, instance:jva.jva.Testng@797badd3]" name="add" duration-ms="19640" started-at="2021-04-04T04:51:32 IST" finished-at="2021-04-04T04:51:51 IST">
          <reporter-output>
          </reporter-output>
        </test-method> <!-- add -->
      </class> <!-- jva.jva.Testng -->
    </test> <!-- Default test -->
  </suite> <!-- Default suite -->
</testng-results>
